d:\csoft internship\phonebook\phonebook\debug\phonebook.pch
d:\csoft internship\phonebook\phonebook\debug\vc140.pdb
d:\csoft internship\phonebook\phonebook\debug\vc140.idb
d:\csoft internship\phonebook\phonebook\debug\stdafx.obj
d:\csoft internship\phonebook\phonebook\debug\personsdlg.obj
d:\csoft internship\phonebook\phonebook\debug\personsdocument.obj
d:\csoft internship\phonebook\phonebook\debug\personsreadonlydlg.obj
d:\csoft internship\phonebook\phonebook\debug\personstable.obj
d:\csoft internship\phonebook\phonebook\debug\person.obj
d:\csoft internship\phonebook\phonebook\debug\personsupdateobject.obj
d:\csoft internship\phonebook\phonebook\debug\personsview.obj
d:\csoft internship\phonebook\phonebook\debug\phonebook.obj
d:\csoft internship\phonebook\phonebook\debug\phonebookset.obj
d:\csoft internship\phonebook\phonebook\debug\phonenumbersdlg.obj
d:\csoft internship\phonebook\phonebook\debug\phonenumbersreadonlydlg.obj
d:\csoft internship\phonebook\phonebook\debug\phonenumberstable.obj
d:\csoft internship\phonebook\phonebook\debug\phonetypesdata.obj
d:\csoft internship\phonebook\phonebook\debug\phonetypesdlg.obj
d:\csoft internship\phonebook\phonebook\debug\phonetypesdocument.obj
d:\csoft internship\phonebook\phonebook\debug\phonetypesreadonlydlg.obj
d:\csoft internship\phonebook\phonebook\debug\phonetypestable.obj
d:\csoft internship\phonebook\phonebook\debug\phonetypesupdateobject.obj
d:\csoft internship\phonebook\phonebook\debug\phonetypesview.obj
d:\csoft internship\phonebook\phonebook\debug\validator.obj
d:\csoft internship\phonebook\phonebook\debug\citiesdata.obj
d:\csoft internship\phonebook\phonebook\debug\citiesreadonlydlg.obj
d:\csoft internship\phonebook\phonebook\debug\citiestable.obj
d:\csoft internship\phonebook\phonebook\debug\citiesupdateobject.obj
d:\csoft internship\phonebook\phonebook\debug\databasesession.obj
d:\csoft internship\phonebook\phonebook\debug\datasourceprovider.obj
d:\csoft internship\phonebook\phonebook\debug\childfrm.obj
d:\csoft internship\phonebook\phonebook\debug\citiesdlg.obj
d:\csoft internship\phonebook\phonebook\debug\citiesdocument.obj
d:\csoft internship\phonebook\phonebook\debug\citiesview.obj
d:\csoft internship\phonebook\phonebook\debug\mainfrm.obj
d:\csoft internship\phonebook\phonebook\debug\personsdata.obj
d:\csoft internship\phonebook\debug\phonebook.ilk
d:\csoft internship\phonebook\debug\phonebook.exe
d:\csoft internship\phonebook\debug\phonebook.pdb
d:\csoft internship\phonebook\phonebook\debug\phonebook.res
d:\csoft internship\phonebook\phonebook\debug\phonebook.tlog\cl.command.1.tlog
d:\csoft internship\phonebook\phonebook\debug\phonebook.tlog\cl.read.1.tlog
d:\csoft internship\phonebook\phonebook\debug\phonebook.tlog\cl.write.1.tlog
d:\csoft internship\phonebook\phonebook\debug\phonebook.tlog\link.command.1.tlog
d:\csoft internship\phonebook\phonebook\debug\phonebook.tlog\link.read.1.tlog
d:\csoft internship\phonebook\phonebook\debug\phonebook.tlog\link.write.1.tlog
d:\csoft internship\phonebook\phonebook\debug\phonebook.tlog\rc.command.1.tlog
d:\csoft internship\phonebook\phonebook\debug\phonebook.tlog\rc.read.1.tlog
d:\csoft internship\phonebook\phonebook\debug\phonebook.tlog\rc.write.1.tlog
